#
# There is insufficient memory for the Java Runtime Environment to continue.
# Native memory allocation (malloc) failed to allocate 238496 bytes for Chunk::new
# Possible reasons:
#   The system is out of physical RAM or swap space
#   The process is running with CompressedOops enabled, and the Java Heap may be blocking the growth of the native heap
# Possible solutions:
#   Reduce memory load on the system
#   Increase physical memory or swap space
#   Check if swap backing store is full
#   Decrease Java heap size (-Xmx/-Xms)
#   Decrease number of Java threads
#   Decrease Java thread stack sizes (-Xss)
#   Set larger code cache with -XX:ReservedCodeCacheSize=
#   JVM is running with Unscaled Compressed Oops mode in which the Java heap is
#     placed in the first 4GB address space. The Java Heap base address is the
#     maximum limit for the native heap growth. Please use -XX:HeapBaseMinAddress
#     to set the Java Heap base and to place the Java Heap above 4GB virtual address.
# This output file may be truncated or incomplete.
#
#  Out of Memory Error (allocation.cpp:390), pid=13056, tid=0x0000000000008a30
#
# JRE version: Java(TM) SE Runtime Environment (8.0_201-b09) (build 1.8.0_201-b09)
# Java VM: Java HotSpot(TM) 64-Bit Server VM (25.201-b09 mixed mode windows-amd64 compressed oops)
# Failed to write core dump. Minidumps are not enabled by default on client versions of Windows
#

---------------  T H R E A D  ---------------

Current thread (0x000000001718c000):  JavaThread "C2 CompilerThread0" daemon [_thread_in_native, id=35376, stack(0x0000000017980000,0x0000000017a80000)]

Stack: [0x0000000017980000,0x0000000017a80000]
[error occurred during error reporting (printing stack bounds), id 0xc0000005]

Native frames: (J=compiled Java code, j=interpreted, Vv=VM code, C=native code)


Current CompileTask:
C2:  74765 7534 %     4       org.apache.maven.surefire.util.internal.StringUtils::escapeToPrintable @ 21 (152 bytes)


---------------  P R O C E S S  ---------------

Java Threads: ( => current thread )
  0x0000000017206800 JavaThread "Service Thread" daemon [_thread_blocked, id=16536, stack(0x0000000017dd0000,0x0000000017ed0000)]
  0x00000000171d0800 JavaThread "C1 CompilerThread2" daemon [_thread_in_native, id=12128, stack(0x0000000007560000,0x0000000007660000)]
  0x00000000171b5000 JavaThread "C2 CompilerThread1" daemon [_thread_in_native, id=48756, stack(0x0000000017bc0000,0x0000000017cc0000)]
=>0x000000001718c000 JavaThread "C2 CompilerThread0" daemon [_thread_in_native, id=35376, stack(0x0000000017980000,0x0000000017a80000)]
  0x0000000017188800 JavaThread "Attach Listener" daemon [_thread_blocked, id=35968, stack(0x0000000017810000,0x0000000017910000)]
  0x00000000064b6000 JavaThread "Signal Dispatcher" daemon [_thread_blocked, id=54624, stack(0x00000000176c0000,0x00000000177c0000)]
  0x000000000649b800 JavaThread "Finalizer" daemon [_thread_blocked, id=12516, stack(0x0000000007780000,0x0000000007880000)]
  0x0000000006494000 JavaThread "Reference Handler" daemon [_thread_blocked, id=28784, stack(0x0000000007670000,0x0000000007770000)]
  0x00000000027d9000 JavaThread "main" [_thread_in_vm, id=10960, stack(0x0000000002c00000,0x0000000002d00000)]

Other Threads:
  0x000000000644c800 VMThread [stack: 0x0000000007450000,0x0000000007550000] [id=25528]
  0x000000001720b000 WatcherThread [stack: 0x00000000175b0000,0x00000000176b0000] [id=48428]

VM state:not at safepoint (normal execution)

VM Mutex/Monitor currently owned by a thread: None

OutOfMemory and StackOverflow Exception counts:
OutOfMemoryError java_heap_errors=7

heap address: 0x00000000c0000000, size: 1024 MB, Compressed Oops mode: 32-bit
Narrow klass base: 0x0000000000000000, Narrow klass shift: 3
Compressed class space size: 1073741824 Address: 0x000000013f890000

Heap:
 PSYoungGen      total 314368K, used 274178K [0x00000000eab00000, 0x0000000100000000, 0x0000000100000000)
  eden space 282624K, 85% used [0x00000000eab00000,0x00000000f97ecc20,0x00000000fbf00000)
  from space 31744K, 99% used [0x00000000fbf00000,0x00000000fddd3c28,0x00000000fde00000)
  to   space 34816K, 0% used [0x00000000fde00000,0x00000000fde00000,0x0000000100000000)
 ParOldGen       total 136704K, used 42459K [0x00000000c0000000, 0x00000000c8580000, 0x00000000eab00000)
  object space 136704K, 31% used [0x00000000c0000000,0x00000000c2976df8,0x00000000c8580000)
 Metaspace       used 44252K, capacity 46780K, committed 46848K, reserved 1091584K
  class space    used 5773K, capacity 6604K, committed 6656K, reserved 1048576K

Card table byte_map: [0x00000000030c0000,0x00000000032d0000] byte_map_base: 0x0000000002ac0000

Marking Bits: (ParMarkBitMap*) 0x00000000080f4ce0
 Begin Bits: [0x00000000038c0000, 0x00000000048c0000)
 End Bits:   [0x00000000048c0000, 0x00000000058c0000)

Polling page: 0x0000000000290000

CodeCache: size=245760Kb used=21556Kb max_used=21556Kb free=224203Kb
 bounds [0x0000000008180000, 0x00000000096b0000, 0x0000000017180000]
 total_blobs=6938 nmethods=6215 adapters=634
 compilation: enabled

Compilation events (10 events):
Event: 74.680 Thread 0x00000000171d0800 7535       3       java.util.stream.SortedOps$SizedRefSortingSink::end (129 bytes)
Event: 74.681 Thread 0x00000000171d0800 nmethod 7535 0x00000000096a10d0 code [0x00000000096a12c0, 0x00000000096a1ab8]
Event: 74.682 Thread 0x00000000171d0800 7537       3       java.lang.StackTraceElement::toString (140 bytes)
Event: 74.682 Thread 0x00000000171b5000 7539       4       org.junit.runners.model.FrameworkMethod::getAnnotations (8 bytes)
Event: 74.684 Thread 0x00000000171d0800 nmethod 7537 0x00000000096a8910 code [0x00000000096a8c40, 0x00000000096aa888]
Event: 74.684 Thread 0x00000000171d0800 7538       3       java.lang.StackTraceElement::isNativeMethod (15 bytes)
Event: 74.684 Thread 0x00000000171d0800 nmethod 7538 0x00000000096a7150 code [0x00000000096a72a0, 0x00000000096a7450]
Event: 74.684 Thread 0x00000000171d0800 7540       3       java.util.TreeSet::iterator (15 bytes)
Event: 74.684 Thread 0x00000000171d0800 nmethod 7540 0x00000000096a0b90 code [0x00000000096a0d00, 0x00000000096a0fd8]
Event: 74.684 Thread 0x00000000171d0800 7546   !   3       com.sun.xml.bind.v2.runtime.JAXBContextImpl::<init> (1519 bytes)

GC Heap History (10 events):
Event: 43.294 GC heap before
{Heap before GC invocations=39 (full 2):
 PSYoungGen      total 311296K, used 296166K [0x00000000eab00000, 0x00000000ffb80000, 0x0000000100000000)
  eden space 281088K, 100% used [0x00000000eab00000,0x00000000fbd80000,0x00000000fbd80000)
  from space 30208K, 49% used [0x00000000fde00000,0x00000000fecb9a00,0x00000000ffb80000)
  to   space 31744K, 0% used [0x00000000fbd80000,0x00000000fbd80000,0x00000000fdc80000)
 ParOldGen       total 136704K, used 42355K [0x00000000c0000000, 0x00000000c8580000, 0x00000000eab00000)
  object space 136704K, 30% used [0x00000000c0000000,0x00000000c295cdf8,0x00000000c8580000)
 Metaspace       used 40160K, capacity 42630K, committed 42752K, reserved 1085440K
  class space    used 5262K, capacity 6085K, committed 6144K, reserved 1048576K
Event: 43.312 GC heap after
Heap after GC invocations=39 (full 2):
 PSYoungGen      total 312832K, used 17911K [0x00000000eab00000, 0x00000000fff80000, 0x0000000100000000)
  eden space 281088K, 0% used [0x00000000eab00000,0x00000000eab00000,0x00000000fbd80000)
  from space 31744K, 56% used [0x00000000fbd80000,0x00000000fcefddc8,0x00000000fdc80000)
  to   space 30720K, 0% used [0x00000000fe180000,0x00000000fe180000,0x00000000fff80000)
 ParOldGen       total 136704K, used 42355K [0x00000000c0000000, 0x00000000c8580000, 0x00000000eab00000)
  object space 136704K, 30% used [0x00000000c0000000,0x00000000c295cdf8,0x00000000c8580000)
 Metaspace       used 40160K, capacity 42630K, committed 42752K, reserved 1085440K
  class space    used 5262K, capacity 6085K, committed 6144K, reserved 1048576K
}
Event: 44.359 GC heap before
{Heap before GC invocations=40 (full 2):
 PSYoungGen      total 312832K, used 298999K [0x00000000eab00000, 0x00000000fff80000, 0x0000000100000000)
  eden space 281088K, 100% used [0x00000000eab00000,0x00000000fbd80000,0x00000000fbd80000)
  from space 31744K, 56% used [0x00000000fbd80000,0x00000000fcefddc8,0x00000000fdc80000)
  to   space 30720K, 0% used [0x00000000fe180000,0x00000000fe180000,0x00000000fff80000)
 ParOldGen       total 136704K, used 42355K [0x00000000c0000000, 0x00000000c8580000, 0x00000000eab00000)
  object space 136704K, 30% used [0x00000000c0000000,0x00000000c295cdf8,0x00000000c8580000)
 Metaspace       used 40166K, capacity 42630K, committed 42752K, reserved 1085440K
  class space    used 5262K, capacity 6085K, committed 6144K, reserved 1048576K
Event: 44.381 GC heap after
Heap after GC invocations=40 (full 2):
 PSYoungGen      total 317440K, used 21770K [0x00000000eab00000, 0x0000000100000000, 0x0000000100000000)
  eden space 286720K, 0% used [0x00000000eab00000,0x00000000eab00000,0x00000000fc300000)
  from space 30720K, 70% used [0x00000000fe180000,0x00000000ff6c2bf8,0x00000000fff80000)
  to   space 31232K, 0% used [0x00000000fc300000,0x00000000fc300000,0x00000000fe180000)
 ParOldGen       total 136704K, used 42355K [0x00000000c0000000, 0x00000000c8580000, 0x00000000eab00000)
  object space 136704K, 30% used [0x00000000c0000000,0x00000000c295cdf8,0x00000000c8580000)
 Metaspace       used 40166K, capacity 42630K, committed 42752K, reserved 1085440K
  class space    used 5262K, capacity 6085K, committed 6144K, reserved 1048576K
}
Event: 45.314 GC heap before
{Heap before GC invocations=41 (full 2):
 PSYoungGen      total 317440K, used 308490K [0x00000000eab00000, 0x0000000100000000, 0x0000000100000000)
  eden space 286720K, 100% used [0x00000000eab00000,0x00000000fc300000,0x00000000fc300000)
  from space 30720K, 70% used [0x00000000fe180000,0x00000000ff6c2bf8,0x00000000fff80000)
  to   space 31232K, 0% used [0x00000000fc300000,0x00000000fc300000,0x00000000fe180000)
 ParOldGen       total 136704K, used 42355K [0x00000000c0000000, 0x00000000c8580000, 0x00000000eab00000)
  object space 136704K, 30% used [0x00000000c0000000,0x00000000c295cdf8,0x00000000c8580000)
 Metaspace       used 40173K, capacity 42630K, committed 42752K, reserved 1085440K
  class space    used 5262K, capacity 6085K, committed 6144K, reserved 1048576K
Event: 45.338 GC heap after
Heap after GC invocations=41 (full 2):
 PSYoungGen      total 313344K, used 26593K [0x00000000eab00000, 0x0000000100000000, 0x0000000100000000)
  eden space 286720K, 0% used [0x00000000eab00000,0x00000000eab00000,0x00000000fc300000)
  from space 26624K, 99% used [0x00000000fc300000,0x00000000fdcf8780,0x00000000fdd00000)
  to   space 33280K, 0% used [0x00000000fdf80000,0x00000000fdf80000,0x0000000100000000)
 ParOldGen       total 136704K, used 42355K [0x00000000c0000000, 0x00000000c8580000, 0x00000000eab00000)
  object space 136704K, 30% used [0x00000000c0000000,0x00000000c295cdf8,0x00000000c8580000)
 Metaspace       used 40173K, capacity 42630K, committed 42752K, reserved 1085440K
  class space    used 5262K, capacity 6085K, committed 6144K, reserved 1048576K
}
Event: 46.336 GC heap before
{Heap before GC invocations=42 (full 2):
 PSYoungGen      total 313344K, used 313313K [0x00000000eab00000, 0x0000000100000000, 0x0000000100000000)
  eden space 286720K, 100% used [0x00000000eab00000,0x00000000fc300000,0x00000000fc300000)
  from space 26624K, 99% used [0x00000000fc300000,0x00000000fdcf8780,0x00000000fdd00000)
  to   space 33280K, 0% used [0x00000000fdf80000,0x00000000fdf80000,0x0000000100000000)
 ParOldGen       total 136704K, used 42355K [0x00000000c0000000, 0x00000000c8580000, 0x00000000eab00000)
  object space 136704K, 30% used [0x00000000c0000000,0x00000000c295cdf8,0x00000000c8580000)
 Metaspace       used 40216K, capacity 42694K, committed 43008K, reserved 1085440K
  class space    used 5262K, capacity 6085K, committed 6144K, reserved 1048576K
Event: 46.346 GC heap after
Heap after GC invocations=42 (full 2):
 PSYoungGen      total 315904K, used 9158K [0x00000000eab00000, 0x0000000100000000, 0x0000000100000000)
  eden space 282624K, 0% used [0x00000000eab00000,0x00000000eab00000,0x00000000fbf00000)
  from space 33280K, 27% used [0x00000000fdf80000,0x00000000fe871908,0x0000000100000000)
  to   space 33280K, 0% used [0x00000000fbf00000,0x00000000fbf00000,0x00000000fdf80000)
 ParOldGen       total 136704K, used 42451K [0x00000000c0000000, 0x00000000c8580000, 0x00000000eab00000)
  object space 136704K, 31% used [0x00000000c0000000,0x00000000c2974df8,0x00000000c8580000)
 Metaspace       used 40216K, capacity 42694K, committed 43008K, reserved 1085440K
  class space    used 5262K, capacity 6085K, committed 6144K, reserved 1048576K
}
Event: 47.411 GC heap before
{Heap before GC invocations=43 (full 2):
 PSYoungGen      total 315904K, used 291782K [0x00000000eab00000, 0x0000000100000000, 0x0000000100000000)
  eden space 282624K, 100% used [0x00000000eab00000,0x00000000fbf00000,0x00000000fbf00000)
  from space 33280K, 27% used [0x00000000fdf80000,0x00000000fe871908,0x0000000100000000)
  to   space 33280K, 0% used [0x00000000fbf00000,0x00000000fbf00000,0x00000000fdf80000)
 ParOldGen       total 136704K, used 42451K [0x00000000c0000000, 0x00000000c8580000, 0x00000000eab00000)
  object space 136704K, 31% used [0x00000000c0000000,0x00000000c2974df8,0x00000000c8580000)
 Metaspace       used 41632K, capacity 44128K, committed 44288K, reserved 1087488K
  class space    used 5442K, capacity 6302K, committed 6400K, reserved 1048576K
Event: 47.440 GC heap after
Heap after GC invocations=43 (full 2):
 PSYoungGen      total 314368K, used 31567K [0x00000000eab00000, 0x0000000100000000, 0x0000000100000000)
  eden space 282624K, 0% used [0x00000000eab00000,0x00000000eab00000,0x00000000fbf00000)
  from space 31744K, 99% used [0x00000000fbf00000,0x00000000fddd3c28,0x00000000fde00000)
  to   space 34816K, 0% used [0x00000000fde00000,0x00000000fde00000,0x0000000100000000)
 ParOldGen       total 136704K, used 42459K [0x00000000c0000000, 0x00000000c8580000, 0x00000000eab00000)
  object space 136704K, 31% used [0x00000000c0000000,0x00000000c2976df8,0x00000000c8580000)
 Metaspace       used 41632K, capacity 44128K, committed 44288K, reserved 1087488K
  class space    used 5442K, capacity 6302K, committed 6400K, reserved 1048576K
}

Deoptimization events (10 events):
Event: 47.946 Thread 0x0000000018660800 Uncommon trap: reason=unstable_if action=reinterpret pc=0x0000000008cd3288 method=java.util.regex.Matcher.replaceAll(Ljava/lang/String;)Ljava/lang/String; @ 35
Event: 47.949 Thread 0x0000000018660800 Uncommon trap: reason=unstable_if action=reinterpret pc=0x000000000912b218 method=java.util.Spliterator.getExactSizeIfKnown()J @ 9
Event: 48.023 Thread 0x0000000018660800 Uncommon trap: reason=unstable_if action=reinterpret pc=0x00000000093ffef8 method=java.util.regex.Pattern.escape(ZZZ)I @ 993
Event: 48.102 Thread 0x0000000018660800 Uncommon trap: reason=unstable_if action=reinterpret pc=0x0000000008c23998 method=com.google.common.base.Splitter$SplittingIterator.computeNext()Ljava/lang/String; @ 106
Event: 48.113 Thread 0x0000000018660800 Uncommon trap: reason=unstable_if action=reinterpret pc=0x0000000009323bf0 method=java.util.regex.Pattern$Slice.match(Ljava/util/regex/Matcher;ILjava/lang/CharSequence;)Z @ 29
Event: 48.244 Thread 0x0000000018660800 Uncommon trap: reason=unstable_if action=reinterpret pc=0x0000000008549844 method=java.lang.String.lastIndexOf([CII[CIII)I @ 118
Event: 74.473 Thread 0x00000000027d9000 Uncommon trap: reason=class_check action=maybe_recompile pc=0x00000000090ebf00 method=java.lang.Throwable.<init>(Ljava/lang/String;Ljava/lang/Throwable;)V @ 24
Event: 74.480 Thread 0x00000000027d9000 Uncommon trap: reason=unstable_if action=reinterpret pc=0x000000000862fb34 method=java.lang.Throwable.getOurStackTrace()[Ljava/lang/StackTraceElement; @ 7
Event: 74.520 Thread 0x00000000027d9000 Uncommon trap: reason=class_check action=maybe_recompile pc=0x000000000899b1bc method=java.util.stream.AbstractPipeline.evaluate(Ljava/util/stream/TerminalOp;)Ljava/lang/Object; @ 60
Event: 74.521 Thread 0x00000000027d9000 Uncommon trap: reason=class_check action=maybe_recompile pc=0x000000000899b1bc method=java.util.stream.AbstractPipeline.evaluate(Ljava/util/stream/TerminalOp;)Ljava/lang/Object; @ 60

Classes redefined (0 events):
No events

Internal exceptions (10 events):
Event: 48.106 Thread 0x0000000018660800 Exception <a 'sun/nio/fs/WindowsException'> (0x00000000f22ab228) thrown at [C:\re\workspace\8-2-build-windows-amd64-cygwin\jdk8u201\12322\hotspot\src\share\vm\prims\jni.cpp, line 709]
Event: 74.472 Thread 0x0000000018660800 Exception <a 'java/lang/OutOfMemoryError': (class: freemarker/core/FMParserTokenManager, method: jjMoveNfa_3 signature: (II)I) > (0x00000000f8a93be8) thrown at [C:\re\workspace\8-2-build-windows-amd64-cygwin\jdk8u201\12322\hotspot\src\share\vm\classfile\v
Event: 74.483 Thread 0x00000000027d9000 Exception <a 'java/lang/ClassNotFoundException': com/sun/org/glassfish/hk2/osgiresourcelocator/ServiceLoader> (0x00000000f13fa678) thrown at [C:\re\workspace\8-2-build-windows-amd64-cygwin\jdk8u201\12322\hotspot\src\share\vm\classfile\systemDictionary.cpp
Event: 74.505 Thread 0x00000000027d9000 Exception <a 'java/lang/OutOfMemoryError'> (0x00000000f8b4fec0) thrown at [C:\re\workspace\8-2-build-windows-amd64-cygwin\jdk8u201\12322\hotspot\src\share\vm\prims\jni.cpp, line 735]
Event: 74.517 Thread 0x00000000027d9000 Exception <a 'java/lang/OutOfMemoryError'> (0x00000000f8cb7410) thrown at [C:\re\workspace\8-2-build-windows-amd64-cygwin\jdk8u201\12322\hotspot\src\share\vm\prims\jni.cpp, line 735]
Event: 74.586 Thread 0x00000000027d9000 Exception <a 'java/lang/ClassNotFoundException': com/sun/org/glassfish/hk2/osgiresourcelocator/ServiceLoader> (0x00000000f9045ec0) thrown at [C:\re\workspace\8-2-build-windows-amd64-cygwin\jdk8u201\12322\hotspot\src\share\vm\classfile\systemDictionary.cpp
Event: 74.669 Thread 0x00000000027d9000 Exception <a 'java/lang/OutOfMemoryError'> (0x00000000f91e6e48) thrown at [C:\re\workspace\8-2-build-windows-amd64-cygwin\jdk8u201\12322\hotspot\src\share\vm\prims\jni.cpp, line 735]
Event: 74.676 Thread 0x00000000027d9000 Exception <a 'java/lang/OutOfMemoryError'> (0x00000000f92f42c8) thrown at [C:\re\workspace\8-2-build-windows-amd64-cygwin\jdk8u201\12322\hotspot\src\share\vm\prims\jni.cpp, line 735]
Event: 74.680 Thread 0x00000000027d9000 Exception <a 'sun/nio/fs/WindowsException'> (0x00000000f953d0f0) thrown at [C:\re\workspace\8-2-build-windows-amd64-cygwin\jdk8u201\12322\hotspot\src\share\vm\prims\jni.cpp, line 709]
Event: 74.683 Thread 0x00000000027d9000 Exception <a 'java/lang/ClassNotFoundException': com/sun/org/glassfish/hk2/osgiresourcelocator/ServiceLoader> (0x00000000f9577278) thrown at [C:\re\workspace\8-2-build-windows-amd64-cygwin\jdk8u201\12322\hotspot\src\share\vm\classfile\systemDictionary.cpp

Events (10 events):
Event: 74.580 loading class sun/nio/ch/IOStatus
Event: 74.585 loading class sun/nio/ch/IOStatus done
Event: 74.586 loading class com/sun/org/glassfish/hk2/osgiresourcelocator/ServiceLoader
Event: 74.586 loading class com/sun/org/glassfish/hk2/osgiresourcelocator/ServiceLoader done
Event: 74.621 loading class com/studentapp/utils/TestUtils
Event: 74.621 loading class com/studentapp/utils/TestUtils done
Event: 74.661 loading class net/thucydides/core/steps/PageObjectDependencyInjector
Event: 74.661 loading class net/thucydides/core/steps/PageObjectDependencyInjector done
Event: 74.683 loading class com/sun/org/glassfish/hk2/osgiresourcelocator/ServiceLoader
Event: 74.683 loading class com/sun/org/glassfish/hk2/osgiresourcelocator/ServiceLoader done


Dynamic libraries:
0x000000013f850000 - 0x000000013f887000 	C:\Program Files\Java\jdk1.8.0_201\jre\bin\java.exe
0x00000000772f0000 - 0x000000007748f000 	C:\windows\SYSTEM32\ntdll.dll
0x00000000771d0000 - 0x00000000772ef000 	C:\windows\system32\kernel32.dll
0x000007fefd070000 - 0x000007fefd0da000 	C:\windows\system32\KERNELBASE.dll
0x000007fefee20000 - 0x000007fefeefb000 	C:\windows\system32\ADVAPI32.dll
0x000007feff540000 - 0x000007feff5df000 	C:\windows\system32\msvcrt.dll
0x000007fefdb10000 - 0x000007fefdb2f000 	C:\windows\SYSTEM32\sechost.dll
0x000007fefd240000 - 0x000007fefd36d000 	C:\windows\system32\RPCRT4.dll
0x00000000770d0000 - 0x00000000771ca000 	C:\windows\system32\USER32.dll
0x000007fefdcb0000 - 0x000007fefdd17000 	C:\windows\system32\GDI32.dll
0x000007fefd990000 - 0x000007fefd99e000 	C:\windows\system32\LPK.dll
0x000007fefd370000 - 0x000007fefd43b000 	C:\windows\system32\USP10.dll
0x000007fefb350000 - 0x000007fefb544000 	C:\windows\WinSxS\amd64_microsoft.windows.common-controls_6595b64144ccf1df_6.0.7601.23403_none_e36ad4593102f066\COMCTL32.dll
0x000007fefebc0000 - 0x000007fefec31000 	C:\windows\system32\SHLWAPI.dll
0x000007fefd210000 - 0x000007fefd23e000 	C:\windows\system32\IMM32.DLL
0x000007fefeab0000 - 0x000007fefebb9000 	C:\windows\system32\MSCTF.dll
0x000007fefcc30000 - 0x000007fefcdaa000 	C:\Program Files\Avecto\Privilege Guard Client\PGHook.dll
0x000007fefcb80000 - 0x000007fefcb83000 	C:\windows\system32\api-ms-win-core-synch-l1-2-0.DLL
0x000007fefcb60000 - 0x000007fefcb78000 	C:\windows\system32\CRYPTSP.dll
0x000007fefcb10000 - 0x000007fefcb57000 	C:\windows\system32\rsaenh.dll
0x000007fefcb00000 - 0x000007fefcb0f000 	C:\windows\system32\CRYPTBASE.dll
0x0000000077490000 - 0x0000000077497000 	C:\windows\system32\PSAPI.DLL
0x000007fef2610000 - 0x000007fef26bf000 	C:\Program Files\McAfee\Endpoint Security\Threat Prevention\Ips\EpMPApi.dll
0x000007fefce60000 - 0x000007fefce9b000 	C:\windows\system32\WINTRUST.dll
0x000007fefceb0000 - 0x000007fefd01d000 	C:\windows\system32\CRYPT32.dll
0x000007fefce40000 - 0x000007fefce4f000 	C:\windows\system32\MSASN1.dll
0x000000006f3c0000 - 0x000000006f3cc000 	C:\Program Files\McAfee\Endpoint Security\Threat Prevention\Ips\EpMPThe.dll
0x000007fef3210000 - 0x000007fef322b000 	C:\Program Files\McAfee\Endpoint Security\Threat Prevention\Ips\HIPHandlers64.dll
0x0000000078eb0000 - 0x0000000078f81000 	C:\Program Files\Java\jdk1.8.0_201\jre\bin\msvcr100.dll
0x00000000078d0000 - 0x0000000008174000 	C:\Program Files\Java\jdk1.8.0_201\jre\bin\server\jvm.dll
0x000007fef7f40000 - 0x000007fef7f49000 	C:\windows\system32\WSOCK32.dll
0x000007fefd9a0000 - 0x000007fefd9ed000 	C:\windows\system32\WS2_32.dll
0x000007fefd200000 - 0x000007fefd208000 	C:\windows\system32\NSI.dll
0x000007fef1b20000 - 0x000007fef1b5b000 	C:\windows\system32\WINMM.dll
0x000007fefbd30000 - 0x000007fefbd3c000 	C:\windows\system32\VERSION.dll
0x000007fef38a0000 - 0x000007fef38af000 	C:\Program Files\Java\jdk1.8.0_201\jre\bin\verify.dll
0x000007fee2b60000 - 0x000007fee2b89000 	C:\Program Files\Java\jdk1.8.0_201\jre\bin\java.dll
0x000007fef0710000 - 0x000007fef0726000 	C:\Program Files\Java\jdk1.8.0_201\jre\bin\zip.dll
0x000007fefdd20000 - 0x000007fefeaaa000 	C:\windows\system32\SHELL32.dll
0x000007fefd790000 - 0x000007fefd98f000 	C:\windows\system32\ole32.dll
0x000007fefce50000 - 0x000007fefce5f000 	C:\windows\system32\profapi.dll
0x000007fef31c0000 - 0x000007fef31da000 	C:\Program Files\Java\jdk1.8.0_201\jre\bin\net.dll
0x000007feff3b0000 - 0x000007feff538000 	C:\windows\system32\urlmon.dll
0x000007fefd100000 - 0x000007fefd104000 	C:\windows\system32\api-ms-win-downlevel-ole32-l1-1-0.dll
0x000007fefcea0000 - 0x000007fefcea4000 	C:\windows\system32\api-ms-win-downlevel-shlwapi-l1-1-0.dll
0x000007fefd0f0000 - 0x000007fefd0f5000 	C:\windows\system32\api-ms-win-downlevel-advapi32-l1-1-0.dll
0x000007fefd020000 - 0x000007fefd024000 	C:\windows\system32\api-ms-win-downlevel-user32-l1-1-0.dll
0x000007fefd110000 - 0x000007fefd114000 	C:\windows\system32\api-ms-win-downlevel-version-l1-1-0.dll
0x000007fefd0e0000 - 0x000007fefd0e3000 	C:\windows\system32\api-ms-win-downlevel-normaliz-l1-1-0.dll
0x00000000774a0000 - 0x00000000774a3000 	C:\windows\system32\normaliz.DLL
0x000007fefd4c0000 - 0x000007fefd78a000 	C:\windows\system32\iertutil.dll
0x000007fefef00000 - 0x000007feff3ac000 	C:\windows\system32\WININET.dll
0x000007fefd030000 - 0x000007fefd04f000 	C:\windows\system32\USERENV.dll
0x000007fefc330000 - 0x000007fefc385000 	C:\windows\system32\mswsock.dll
0x000007fefc430000 - 0x000007fefc437000 	C:\windows\System32\wship6.dll
0x000007feea8f0000 - 0x000007feea901000 	C:\Program Files\Java\jdk1.8.0_201\jre\bin\nio.dll
0x000007fede960000 - 0x000007fede984000 	C:\Program Files\Java\jdk1.8.0_201\jre\bin\sunec.dll
0x000007fefadf0000 - 0x000007fefae17000 	C:\windows\system32\IPHLPAPI.DLL
0x000007fefadd0000 - 0x000007fefaddb000 	C:\windows\system32\WINNSI.DLL
0x000007fefab80000 - 0x000007fefab98000 	C:\windows\system32\dhcpcsvc.DLL
0x000007fefac00000 - 0x000007fefac11000 	C:\windows\system32\dhcpcsvc6.DLL
0x000007fefbe00000 - 0x000007fefbe07000 	C:\windows\System32\wshtcpip.dll
0x000007fefc220000 - 0x000007fefc27b000 	C:\windows\system32\DNSAPI.dll
0x000007fef9020000 - 0x000007fef9028000 	C:\windows\system32\rasadhlp.dll
0x000007fefac20000 - 0x000007fefac73000 	C:\windows\System32\fwpuclnt.dll

VM Arguments:
jvm_args: -Xmx1024m -XX:MaxPermSize=256m 
java_command: C:\Users\krishnd\Desktop\StudentApp\target\surefire\surefirebooter3286642990748837547.jar C:\Users\krishnd\Desktop\StudentApp\target\surefire\surefire1808908297598544811tmp C:\Users\krishnd\Desktop\StudentApp\target\surefire\surefire_15318815576893956505tmp
java_class_path (initial): C:\Users\krishnd\Desktop\StudentApp\target\surefire\surefirebooter3286642990748837547.jar
Launcher Type: SUN_STANDARD

Environment Variables:
JAVA_HOME=C:\Program Files\Java\jdk1.8.0_201
PATH=C:/Program Files/Java/jre1.8.0_201/bin/server;C:/Program Files/Java/jre1.8.0_201/bin;C:/Program Files/Java/jre1.8.0_201/lib/amd64;C:\Program Files (x86)\Common Files\Oracle\Java\javapath;C:\windows\system32;C:\windows;C:\windows\System32\Wbem;C:\windows\System32\WindowsPowerShell\v1.0\;C:\Program Files (x86)\Toshiba\Bluetooth Toshiba Stack\sys\;C:\Program Files (x86)\Toshiba\Bluetooth Toshiba Stack\sys\x64\;C:\windows\System32\WindowsPowerShell\v1.0\;C:\windows\System32\WindowsPowerShell\v1.0\;C:\windows\System32\WindowsPowerShell\v1.0\;C:\Program Files\TortoiseGit\bin;C:\Program Files\Java\jdk1.8.0_201\bin;C:\Program Files\apache-maven-3.6.0\bin;C:\Users\krishnd\AppData\Local\Programs\Git\cmd;C:\Users\krishnd\Desktop\eclipse;
USERNAME=KRISHND
OS=Windows_NT
PROCESSOR_IDENTIFIER=Intel64 Family 6 Model 61 Stepping 4, GenuineIntel



---------------  S Y S T E M  ---------------

OS: Windows 7 , 64 bit Build 7601 (6.1.7601.24335)

CPU:total 4 (initial active 4) (2 cores per cpu, 2 threads per core) family 6 model 61 stepping 4, cmov, cx8, fxsr, mmx, sse, sse2, sse3, ssse3, sse4.1, sse4.2, popcnt, avx, avx2, aes, clmul, erms, rtm, 3dnowpref, lzcnt, ht, tsc, tscinvbit, bmi1, bmi2, adx

Memory: 4k page, physical 16670060k(734884k free), swap 18765308k(4408k free)

vm_info: Java HotSpot(TM) 64-Bit Server VM (25.201-b09) for windows-amd64 JRE (1.8.0_201-b09), built on Dec 15 2018 18:36:39 by "java_re" with MS VC++ 10.0 (VS2010)

time: Tue Feb 05 15:58:00 2019
timezone: Central Standard Time
elapsed time: 74 seconds (0d 0h 1m 14s)

