#
# There is insufficient memory for the Java Runtime Environment to continue.
# Native memory allocation (malloc) failed to allocate 813616 bytes for Chunk::new
# Possible reasons:
#   The system is out of physical RAM or swap space
#   The process is running with CompressedOops enabled, and the Java Heap may be blocking the growth of the native heap
# Possible solutions:
#   Reduce memory load on the system
#   Increase physical memory or swap space
#   Check if swap backing store is full
#   Decrease Java heap size (-Xmx/-Xms)
#   Decrease number of Java threads
#   Decrease Java thread stack sizes (-Xss)
#   Set larger code cache with -XX:ReservedCodeCacheSize=
#   JVM is running with Zero Based Compressed Oops mode in which the Java heap is
#     placed in the first 32GB address space. The Java Heap base address is the
#     maximum limit for the native heap growth. Please use -XX:HeapBaseMinAddress
#     to set the Java Heap base and to place the Java Heap above 32GB virtual address.
# This output file may be truncated or incomplete.
#
#  Out of Memory Error (allocation.cpp:390), pid=15804, tid=0x00000000000029c0
#
# JRE version: Java(TM) SE Runtime Environment (8.0_201-b09) (build 1.8.0_201-b09)
# Java VM: Java HotSpot(TM) 64-Bit Server VM (25.201-b09 mixed mode windows-amd64 compressed oops)
# Failed to write core dump. Minidumps are not enabled by default on client versions of Windows
#

---------------  T H R E A D  ---------------

Current thread (0x000000000551a000):  JavaThread "C2 CompilerThread1" daemon [_thread_in_native, id=10688, stack(0x0000000007410000,0x0000000007510000)]

Stack: [0x0000000007410000,0x0000000007510000]
[error occurred during error reporting (printing stack bounds), id 0xc0000005]

Native frames: (J=compiled Java code, j=interpreted, Vv=VM code, C=native code)


Current CompileTask:
C2:   6471 1837   !   4       net.thucydides.core.requirements.RootDirectory::isResourceDirectoryCandidate (59 bytes)


---------------  P R O C E S S  ---------------

Java Threads: ( => current thread )
  0x000000002079d800 JavaThread "ForkJoinPool.commonPool-worker-3" daemon [_thread_blocked, id=15584, stack(0x0000000022a80000,0x0000000022b80000)]
  0x000000002079d000 JavaThread "ForkJoinPool.commonPool-worker-2" daemon [_thread_blocked, id=14136, stack(0x0000000022820000,0x0000000022920000)]
  0x000000002079a000 JavaThread "ForkJoinPool.commonPool-worker-1" daemon [_thread_blocked, id=15004, stack(0x0000000007760000,0x0000000007860000)]
  0x0000000006e11000 JavaThread "Service Thread" daemon [_thread_blocked, id=10524, stack(0x00000000078b0000,0x00000000079b0000)]
  0x0000000006d9b800 JavaThread "C1 CompilerThread2" daemon [_thread_blocked, id=8288, stack(0x0000000007600000,0x0000000007700000)]
=>0x000000000551a000 JavaThread "C2 CompilerThread1" daemon [_thread_in_native, id=10688, stack(0x0000000007410000,0x0000000007510000)]
  0x0000000006d92800 JavaThread "C2 CompilerThread0" daemon [_thread_blocked, id=6640, stack(0x00000000071e0000,0x00000000072e0000)]
  0x000000000551e800 JavaThread "Attach Listener" daemon [_thread_blocked, id=11724, stack(0x0000000006c90000,0x0000000006d90000)]
  0x000000000551d800 JavaThread "Signal Dispatcher" daemon [_thread_blocked, id=11368, stack(0x0000000006ac0000,0x0000000006bc0000)]
  0x00000000054fa800 JavaThread "Finalizer" daemon [_thread_blocked, id=10740, stack(0x00000000068f0000,0x00000000069f0000)]
  0x00000000054f3000 JavaThread "Reference Handler" daemon [_thread_blocked, id=13760, stack(0x00000000067d0000,0x00000000068d0000)]
  0x00000000028b8000 JavaThread "main" [_thread_in_native, id=13572, stack(0x0000000002d70000,0x0000000002e70000)]

Other Threads:
  0x00000000054ab800 VMThread [stack: 0x00000000065f0000,0x00000000066f0000] [id=11304]
  0x0000000006e16000 WatcherThread [stack: 0x0000000007a80000,0x0000000007b80000] [id=5144]

VM state:not at safepoint (normal execution)

VM Mutex/Monitor currently owned by a thread: None

heap address: 0x00000006c1a00000, size: 4070 MB, Compressed Oops mode: Zero based, Oop shift amount: 3
Narrow klass base: 0x0000000000000000, Narrow klass shift: 3
Compressed class space size: 1073741824 Address: 0x00000007c0000000

Heap:
 PSYoungGen      total 76288K, used 49896K [0x000000076b380000, 0x0000000770880000, 0x00000007c0000000)
  eden space 65536K, 61% used [0x000000076b380000,0x000000076db00d60,0x000000076f380000)
  from space 10752K, 87% used [0x000000076fe00000,0x00000007707394a0,0x0000000770880000)
  to   space 10752K, 0% used [0x000000076f380000,0x000000076f380000,0x000000076fe00000)
 ParOldGen       total 175104K, used 24K [0x00000006c1a00000, 0x00000006cc500000, 0x000000076b380000)
  object space 175104K, 0% used [0x00000006c1a00000,0x00000006c1a06000,0x00000006cc500000)
 Metaspace       used 20632K, capacity 20990K, committed 21248K, reserved 1069056K
  class space    used 2451K, capacity 2536K, committed 2560K, reserved 1048576K

Card table byte_map: [0x0000000003230000,0x0000000003a30000] byte_map_base: 0xffffffffffc23000

Marking Bits: (ParMarkBitMap*) 0x00000000087d4ce0
 Begin Bits: [0x0000000017860000, 0x000000001b7f8000)
 End Bits:   [0x000000001b7f8000, 0x000000001f790000)

Polling page: 0x0000000000280000

CodeCache: size=245760Kb used=7334Kb max_used=7350Kb free=238425Kb
 bounds [0x0000000008860000, 0x0000000008fa0000, 0x0000000017860000]
 total_blobs=2461 nmethods=1839 adapters=534
 compilation: enabled

Compilation events (10 events):
Event: 6.086 Thread 0x0000000006d92800 nmethod 1799 0x0000000008f7a9d0 code [0x0000000008f7ae20, 0x0000000008f7d328]
Event: 6.092 Thread 0x0000000006d9b800 1836   !   3       sun.nio.fs.WindowsFileAttributes::get (236 bytes)
Event: 6.095 Thread 0x0000000006d9b800 nmethod 1836 0x0000000008f81490 code [0x0000000008f81900, 0x0000000008f83778]
Event: 6.177 Thread 0x000000000551a000 1837   !   4       net.thucydides.core.requirements.RootDirectory::isResourceDirectoryCandidate (59 bytes)
Event: 6.178 Thread 0x0000000006d92800 1838       4       sun.nio.fs.WindowsFileSystemProvider::readAttributes (63 bytes)
Event: 6.307 Thread 0x0000000006d92800 nmethod 1838 0x0000000008f852d0 code [0x0000000008f85760, 0x0000000008f87b88]
Event: 6.307 Thread 0x0000000006d92800 1840       4       sun.nio.fs.WindowsPath::getFileName (87 bytes)
Event: 6.325 Thread 0x0000000006d92800 nmethod 1840 0x0000000008f79c10 code [0x0000000008f79da0, 0x0000000008f7a418]
Event: 6.325 Thread 0x0000000006d92800 1839  s    4       sun.nio.fs.WindowsDirectoryStream$WindowsDirectoryIterator::hasNext (35 bytes)
Event: 6.355 Thread 0x0000000006d92800 nmethod 1839 0x0000000008f90110 code [0x0000000008f90320, 0x0000000008f91650]

GC Heap History (4 events):
Event: 3.234 GC heap before
{Heap before GC invocations=1 (full 0):
 PSYoungGen      total 76288K, used 65536K [0x000000076b380000, 0x0000000770880000, 0x00000007c0000000)
  eden space 65536K, 100% used [0x000000076b380000,0x000000076f380000,0x000000076f380000)
  from space 10752K, 0% used [0x000000076fe00000,0x000000076fe00000,0x0000000770880000)
  to   space 10752K, 0% used [0x000000076f380000,0x000000076f380000,0x000000076fe00000)
 ParOldGen       total 175104K, used 0K [0x00000006c1a00000, 0x00000006cc500000, 0x000000076b380000)
  object space 175104K, 0% used [0x00000006c1a00000,0x00000006c1a00000,0x00000006cc500000)
 Metaspace       used 9707K, capacity 9762K, committed 9984K, reserved 1058816K
  class space    used 1174K, capacity 1203K, committed 1280K, reserved 1048576K
Event: 3.241 GC heap after
Heap after GC invocations=1 (full 0):
 PSYoungGen      total 76288K, used 7847K [0x000000076b380000, 0x0000000770880000, 0x00000007c0000000)
  eden space 65536K, 0% used [0x000000076b380000,0x000000076b380000,0x000000076f380000)
  from space 10752K, 72% used [0x000000076f380000,0x000000076fb29c28,0x000000076fe00000)
  to   space 10752K, 0% used [0x000000076fe00000,0x000000076fe00000,0x0000000770880000)
 ParOldGen       total 175104K, used 16K [0x00000006c1a00000, 0x00000006cc500000, 0x000000076b380000)
  object space 175104K, 0% used [0x00000006c1a00000,0x00000006c1a04000,0x00000006cc500000)
 Metaspace       used 9707K, capacity 9762K, committed 9984K, reserved 1058816K
  class space    used 1174K, capacity 1203K, committed 1280K, reserved 1048576K
}
Event: 4.632 GC heap before
{Heap before GC invocations=2 (full 0):
 PSYoungGen      total 76288K, used 73383K [0x000000076b380000, 0x0000000770880000, 0x00000007c0000000)
  eden space 65536K, 100% used [0x000000076b380000,0x000000076f380000,0x000000076f380000)
  from space 10752K, 72% used [0x000000076f380000,0x000000076fb29c28,0x000000076fe00000)
  to   space 10752K, 0% used [0x000000076fe00000,0x000000076fe00000,0x0000000770880000)
 ParOldGen       total 175104K, used 16K [0x00000006c1a00000, 0x00000006cc500000, 0x000000076b380000)
  object space 175104K, 0% used [0x00000006c1a00000,0x00000006c1a04000,0x00000006cc500000)
 Metaspace       used 17266K, capacity 17490K, committed 17664K, reserved 1064960K
  class space    used 2141K, capacity 2241K, committed 2304K, reserved 1048576K
Event: 4.645 GC heap after
Heap after GC invocations=2 (full 0):
 PSYoungGen      total 76288K, used 9445K [0x000000076b380000, 0x0000000770880000, 0x00000007c0000000)
  eden space 65536K, 0% used [0x000000076b380000,0x000000076b380000,0x000000076f380000)
  from space 10752K, 87% used [0x000000076fe00000,0x00000007707394a0,0x0000000770880000)
  to   space 10752K, 0% used [0x000000076f380000,0x000000076f380000,0x000000076fe00000)
 ParOldGen       total 175104K, used 24K [0x00000006c1a00000, 0x00000006cc500000, 0x000000076b380000)
  object space 175104K, 0% used [0x00000006c1a00000,0x00000006c1a06000,0x00000006cc500000)
 Metaspace       used 17266K, capacity 17490K, committed 17664K, reserved 1064960K
  class space    used 2141K, capacity 2241K, committed 2304K, reserved 1048576K
}

Deoptimization events (10 events):
Event: 3.738 Thread 0x00000000028b8000 Uncommon trap: reason=class_check action=maybe_recompile pc=0x0000000008be4b24 method=java.util.regex.Pattern$BmpCharProperty.match(Ljava/util/regex/Matcher;ILjava/lang/CharSequence;)Z @ 16
Event: 3.738 Thread 0x00000000028b8000 Uncommon trap: reason=class_check action=maybe_recompile pc=0x0000000008be4ba8 method=java.util.regex.Pattern$BmpCharProperty.match(Ljava/util/regex/Matcher;ILjava/lang/CharSequence;)Z @ 31
Event: 3.778 Thread 0x00000000028b8000 Uncommon trap: reason=unstable_if action=reinterpret pc=0x0000000008c92a50 method=java.util.regex.Pattern$BmpCharProperty.match(Ljava/util/regex/Matcher;ILjava/lang/CharSequence;)Z @ 5
Event: 4.876 Thread 0x00000000028b8000 Uncommon trap: reason=unstable_if action=reinterpret pc=0x0000000008cf4be8 method=java.io.BufferedInputStream.read()I @ 8
Event: 4.876 Thread 0x00000000028b8000 Uncommon trap: reason=class_check action=maybe_recompile pc=0x0000000008d0cc04 method=java.io.BufferedInputStream.read([BII)I @ 101
Event: 4.884 Thread 0x00000000028b8000 Uncommon trap: reason=class_check action=maybe_recompile pc=0x0000000008d0cc04 method=java.io.BufferedInputStream.read([BII)I @ 101
Event: 5.429 Thread 0x00000000028b8000 Uncommon trap: reason=unstable_if action=reinterpret pc=0x0000000008f39328 method=java.util.stream.MatchOps$1MatchSink.accept(Ljava/lang/Object;)V @ 24
Event: 5.986 Thread 0x00000000028b8000 Uncommon trap: reason=unstable_if action=reinterpret pc=0x0000000008f42dbc method=sun.nio.fs.WindowsPath.getFileName()Ljava/nio/file/Path; @ 45
Event: 6.017 Thread 0x00000000028b8000 Uncommon trap: reason=unstable_if action=reinterpret pc=0x0000000008f533ec method=sun.nio.fs.WindowsPath.isAbsolute()Z @ 7
Event: 6.086 Thread 0x00000000028b8000 Uncommon trap: reason=unstable_if action=reinterpret pc=0x0000000008f7b784 method=sun.nio.fs.WindowsPath.isAbsolute()Z @ 7

Classes redefined (0 events):
No events

Internal exceptions (10 events):
Event: 4.687 Thread 0x00000000028b8000 Exception <a 'java/lang/ClassNotFoundException': java/lang/ClassBeanInfo> (0x000000076b605a70) thrown at [C:\re\workspace\8-2-build-windows-amd64-cygwin\jdk8u201\12322\hotspot\src\share\vm\classfile\systemDictionary.cpp, line 210]
Event: 4.687 Thread 0x00000000028b8000 Exception <a 'java/lang/ClassNotFoundException': java/lang/ClassCustomizer> (0x000000076b614030) thrown at [C:\re\workspace\8-2-build-windows-amd64-cygwin\jdk8u201\12322\hotspot\src\share\vm\classfile\systemDictionary.cpp, line 210]
Event: 4.822 Thread 0x00000000028b8000 Exception <a 'java/lang/ClassNotFoundException': io/restassured/internal/assertion/AssertParameterBeanInfo> (0x000000076be0d790) thrown at [C:\re\workspace\8-2-build-windows-amd64-cygwin\jdk8u201\12322\hotspot\src\share\vm\classfile\systemDictionary.cpp, 
Event: 4.824 Thread 0x00000000028b8000 Exception <a 'java/lang/ClassNotFoundException': io/restassured/internal/assertion/AssertParameterCustomizer> (0x000000076be40158) thrown at [C:\re\workspace\8-2-build-windows-amd64-cygwin\jdk8u201\12322\hotspot\src\share\vm\classfile\systemDictionary.cpp
Event: 4.829 Thread 0x00000000028b8000 Exception <a 'java/lang/ClassNotFoundException': io/restassured/config/MatcherConfig$ErrorDescriptionTypeBeanInfo> (0x000000076bee9588) thrown at [C:\re\workspace\8-2-build-windows-amd64-cygwin\jdk8u201\12322\hotspot\src\share\vm\classfile\systemDictionar
Event: 4.830 Thread 0x00000000028b8000 Exception <a 'java/lang/ClassNotFoundException': java/lang/EnumBeanInfo> (0x000000076bef6e38) thrown at [C:\re\workspace\8-2-build-windows-amd64-cygwin\jdk8u201\12322\hotspot\src\share\vm\classfile\systemDictionary.cpp, line 210]
Event: 4.830 Thread 0x00000000028b8000 Exception <a 'java/lang/ClassNotFoundException': java/lang/EnumCustomizer> (0x000000076bf05390) thrown at [C:\re\workspace\8-2-build-windows-amd64-cygwin\jdk8u201\12322\hotspot\src\share\vm\classfile\systemDictionary.cpp, line 210]
Event: 4.831 Thread 0x00000000028b8000 Exception <a 'java/lang/ClassNotFoundException': io/restassured/config/MatcherConfig$ErrorDescriptionTypeCustomizer> (0x000000076bfac830) thrown at [C:\re\workspace\8-2-build-windows-amd64-cygwin\jdk8u201\12322\hotspot\src\share\vm\classfile\systemDiction
Event: 5.053 Thread 0x00000000028b8000 Exception <a 'sun/nio/fs/WindowsException'> (0x000000076c6d2918) thrown at [C:\re\workspace\8-2-build-windows-amd64-cygwin\jdk8u201\12322\hotspot\src\share\vm\prims\jni.cpp, line 709]
Event: 5.053 Thread 0x00000000028b8000 Exception <a 'sun/nio/fs/WindowsException'> (0x000000076c6d3220) thrown at [C:\re\workspace\8-2-build-windows-amd64-cygwin\jdk8u201\12322\hotspot\src\share\vm\prims\jni.cpp, line 709]

Events (10 events):
Event: 5.998 Thread 0x000000002079d000 Thread added: 0x000000002079d000
Event: 5.999 Thread 0x000000002079d800 Thread added: 0x000000002079d800
Event: 6.014 loading class net/thucydides/core/requirements/model/OverviewReader
Event: 6.014 loading class net/thucydides/core/requirements/model/OverviewReader done
Event: 6.017 Thread 0x00000000028b8000 Uncommon trap: trap_request=0xffffff65 fr.pc=0x0000000008f533ec
Event: 6.017 Thread 0x00000000028b8000 DEOPT PACKING pc=0x0000000008f533ec sp=0x0000000002e6d6a0
Event: 6.018 Thread 0x00000000028b8000 DEOPT UNPACKING pc=0x00000000088a583b sp=0x0000000002e6d600 mode 2
Event: 6.086 Thread 0x00000000028b8000 Uncommon trap: trap_request=0xffffff65 fr.pc=0x0000000008f7b784
Event: 6.086 Thread 0x00000000028b8000 DEOPT PACKING pc=0x0000000008f7b784 sp=0x0000000002e6d320
Event: 6.086 Thread 0x00000000028b8000 DEOPT UNPACKING pc=0x00000000088a583b sp=0x0000000002e6d1f0 mode 2


Dynamic libraries:
0x000000013f660000 - 0x000000013f697000 	C:\Program Files\Java\jdk1.8.0_201\jre\bin\java.exe
0x0000000077bb0000 - 0x0000000077d4f000 	C:\windows\SYSTEM32\ntdll.dll
0x0000000077a90000 - 0x0000000077baf000 	C:\windows\system32\kernel32.dll
0x000007fefd990000 - 0x000007fefd9fa000 	C:\windows\system32\KERNELBASE.dll
0x000007feff300000 - 0x000007feff3db000 	C:\windows\system32\ADVAPI32.dll
0x000007feffe00000 - 0x000007feffe9f000 	C:\windows\system32\msvcrt.dll
0x000007feff920000 - 0x000007feff93f000 	C:\windows\SYSTEM32\sechost.dll
0x000007feff7f0000 - 0x000007feff91d000 	C:\windows\system32\RPCRT4.dll
0x0000000077990000 - 0x0000000077a8a000 	C:\windows\system32\USER32.dll
0x000007feff780000 - 0x000007feff7e7000 	C:\windows\system32\GDI32.dll
0x000007feff940000 - 0x000007feff94e000 	C:\windows\system32\LPK.dll
0x000007fefdce0000 - 0x000007fefddab000 	C:\windows\system32\USP10.dll
0x000007fefbc10000 - 0x000007fefbe04000 	C:\windows\WinSxS\amd64_microsoft.windows.common-controls_6595b64144ccf1df_6.0.7601.23403_none_e36ad4593102f066\COMCTL32.dll
0x000007fefdb90000 - 0x000007fefdc01000 	C:\windows\system32\SHLWAPI.dll
0x000007fefdac0000 - 0x000007fefdaee000 	C:\windows\system32\IMM32.DLL
0x000007fefddb0000 - 0x000007fefdeb9000 	C:\windows\system32\MSCTF.dll
0x000007fefd4f0000 - 0x000007fefd66a000 	C:\Program Files\Avecto\Privilege Guard Client\PGHook.dll
0x000007fefd440000 - 0x000007fefd443000 	C:\windows\system32\api-ms-win-core-synch-l1-2-0.DLL
0x000007fefd420000 - 0x000007fefd438000 	C:\windows\system32\CRYPTSP.dll
0x000007fefd3d0000 - 0x000007fefd417000 	C:\windows\system32\rsaenh.dll
0x000007fefd3c0000 - 0x000007fefd3cf000 	C:\windows\system32\CRYPTBASE.dll
0x0000000077d50000 - 0x0000000077d57000 	C:\windows\system32\PSAPI.DLL
0x000007fef2850000 - 0x000007fef28ff000 	C:\Program Files\McAfee\Endpoint Security\Threat Prevention\Ips\EpMPApi.dll
0x000007fefd740000 - 0x000007fefd77b000 	C:\windows\system32\WINTRUST.dll
0x000007fefd7d0000 - 0x000007fefd93d000 	C:\windows\system32\CRYPT32.dll
0x000007fefd700000 - 0x000007fefd70f000 	C:\windows\system32\MSASN1.dll
0x000000006fc60000 - 0x000000006fc6c000 	C:\Program Files\McAfee\Endpoint Security\Threat Prevention\Ips\EpMPThe.dll
0x000007fef2830000 - 0x000007fef284b000 	C:\Program Files\McAfee\Endpoint Security\Threat Prevention\Ips\HIPHandlers64.dll
0x0000000079530000 - 0x0000000079601000 	C:\Program Files\Java\jdk1.8.0_201\jre\bin\msvcr100.dll
0x0000000007fb0000 - 0x0000000008854000 	C:\Program Files\Java\jdk1.8.0_201\jre\bin\server\jvm.dll
0x000007fef8800000 - 0x000007fef8809000 	C:\windows\system32\WSOCK32.dll
0x000007fefdc70000 - 0x000007fefdcbd000 	C:\windows\system32\WS2_32.dll
0x000007feff770000 - 0x000007feff778000 	C:\windows\system32\NSI.dll
0x000007fef2e00000 - 0x000007fef2e3b000 	C:\windows\system32\WINMM.dll
0x000007fefc5f0000 - 0x000007fefc5fc000 	C:\windows\system32\VERSION.dll
0x000007fef5b50000 - 0x000007fef5b5f000 	C:\Program Files\Java\jdk1.8.0_201\jre\bin\verify.dll
0x000007fef1d80000 - 0x000007fef1da9000 	C:\Program Files\Java\jdk1.8.0_201\jre\bin\java.dll
0x000007fef3cb0000 - 0x000007fef3cc6000 	C:\Program Files\Java\jdk1.8.0_201\jre\bin\zip.dll
0x000007fefdfa0000 - 0x000007fefed2a000 	C:\windows\system32\SHELL32.dll
0x000007feff3e0000 - 0x000007feff5df000 	C:\windows\system32\ole32.dll
0x000007fefd710000 - 0x000007fefd71f000 	C:\windows\system32\profapi.dll
0x000007fef2de0000 - 0x000007fef2dfa000 	C:\Program Files\Java\jdk1.8.0_201\jre\bin\net.dll
0x000007feff5e0000 - 0x000007feff768000 	C:\windows\system32\urlmon.dll
0x000007fefdaa0000 - 0x000007fefdaa4000 	C:\windows\system32\api-ms-win-downlevel-ole32-l1-1-0.dll
0x000007fefd720000 - 0x000007fefd724000 	C:\windows\system32\api-ms-win-downlevel-shlwapi-l1-1-0.dll
0x000007fefdab0000 - 0x000007fefdab5000 	C:\windows\system32\api-ms-win-downlevel-advapi32-l1-1-0.dll
0x000007fefd940000 - 0x000007fefd944000 	C:\windows\system32\api-ms-win-downlevel-user32-l1-1-0.dll
0x000007fefd780000 - 0x000007fefd784000 	C:\windows\system32\api-ms-win-downlevel-version-l1-1-0.dll
0x000007fefd730000 - 0x000007fefd733000 	C:\windows\system32\api-ms-win-downlevel-normaliz-l1-1-0.dll
0x0000000077d60000 - 0x0000000077d63000 	C:\windows\system32\normaliz.DLL
0x000007feff030000 - 0x000007feff2fa000 	C:\windows\system32\iertutil.dll
0x000007feff950000 - 0x000007feffdfc000 	C:\windows\system32\WININET.dll
0x000007fefd950000 - 0x000007fefd96f000 	C:\windows\system32\USERENV.dll
0x000007fefcca0000 - 0x000007fefccf5000 	C:\windows\system32\mswsock.dll
0x000007fefcc90000 - 0x000007fefcc97000 	C:\windows\System32\wship6.dll
0x000007fef1d60000 - 0x000007fef1d71000 	C:\Program Files\Java\jdk1.8.0_201\jre\bin\nio.dll

VM Arguments:
java_command: C:\Users\krishnd\Desktop\EDPAutomationFramework\target\surefire\surefirebooter334433551780742434.jar C:\Users\krishnd\Desktop\EDPAutomationFramework\target\surefire\surefire2770025538648149957tmp C:\Users\krishnd\Desktop\EDPAutomationFramework\target\surefire\surefire_06629489536042568663tmp
java_class_path (initial): C:\Users\krishnd\Desktop\EDPAutomationFramework\target\surefire\surefirebooter334433551780742434.jar
Launcher Type: SUN_STANDARD

Environment Variables:
JAVA_HOME=C:\Program Files\Java\jdk1.8.0_201
PATH=C:\Program Files (x86)\Common Files\Oracle\Java\javapath;C:\windows\system32;C:\windows;C:\windows\System32\Wbem;C:\windows\System32\WindowsPowerShell\v1.0\;C:\Program Files (x86)\Toshiba\Bluetooth Toshiba Stack\sys\;C:\Program Files (x86)\Toshiba\Bluetooth Toshiba Stack\sys\x64\;C:\windows\System32\WindowsPowerShell\v1.0\;C:\windows\System32\WindowsPowerShell\v1.0\;C:\windows\System32\WindowsPowerShell\v1.0\;C:\Program Files\TortoiseGit\bin;C:\Program Files\Java\jdk1.8.0_201\bin;C:\Program Files\apache-maven-3.6.0\bin;C:\Users\krishnd\AppData\Local\Programs\Git\cmd
USERNAME=krishnd
OS=Windows_NT
PROCESSOR_IDENTIFIER=Intel64 Family 6 Model 61 Stepping 4, GenuineIntel



---------------  S Y S T E M  ---------------

OS: Windows 7 , 64 bit Build 7601 (6.1.7601.24335)

CPU:total 4 (initial active 4) (2 cores per cpu, 2 threads per core) family 6 model 61 stepping 4, cmov, cx8, fxsr, mmx, sse, sse2, sse3, ssse3, sse4.1, sse4.2, popcnt, avx, avx2, aes, clmul, erms, rtm, 3dnowpref, lzcnt, ht, tsc, tscinvbit, bmi1, bmi2, adx

Memory: 4k page, physical 16670060k(618272k free), swap 18765308k(12552k free)

vm_info: Java HotSpot(TM) 64-Bit Server VM (25.201-b09) for windows-amd64 JRE (1.8.0_201-b09), built on Dec 15 2018 18:36:39 by "java_re" with MS VC++ 10.0 (VS2010)

time: Thu Feb 07 12:51:55 2019
timezone: Central Standard Time
elapsed time: 6 seconds (0d 0h 0m 6s)

